<?xml version="1.0" encoding="UTF-8"?>
<testng-results ignored="0" total="1" passed="1" failed="0" skipped="0">
  <reporter-output>
  </reporter-output>
  <suite started-at="2020-10-02T15:25:57 IST" name="Default suite" finished-at="2020-10-02T15:28:43 IST" duration-ms="165685">
    <groups>
    </groups>
    <test started-at="2020-10-02T15:25:57 IST" name="Default test" finished-at="2020-10-02T15:28:43 IST" duration-ms="165685">
      <class name="exercise.Sample">
        <test-method signature="Example()[pri:0, instance:exercise.Sample@7219ec67]" started-at="2020-10-02T15:25:57 IST" name="Example" finished-at="2020-10-02T15:28:43 IST" duration-ms="165647" status="PASS">
          <reporter-output>
          </reporter-output>
        </test-method> <!-- Example -->
      </class> <!-- exercise.Sample -->
    </test> <!-- Default test -->
  </suite> <!-- Default suite -->
</testng-results>
